[2018-11-02 21:10:44.124] [sharedprocess] [info] main {"machineId":"ea650720cdc2aa5c6e1f087fe40677e1275d0278ec95864c51aec546bad21e5b"}
[2018-11-02 21:10:44.221] [sharedprocess] [info] Scanned user extensions: 0
[2018-11-02 21:10:44.225] [sharedprocess] [info] Scanned user extensions: 0
[2018-11-02 21:10:44.226] [sharedprocess] [info] Scanned user extensions: 0
[2018-11-02 21:10:44.255] [sharedprocess] [info] Scanned system extensions: 71
[2018-11-02 21:10:44.257] [sharedprocess] [info] Scanned system extensions: 71
[2018-11-02 21:10:44.831] [sharedprocess] [info] Scanned user extensions: 0
[2018-11-02 21:11:24.127] [sharedprocess] [info] Starting to clean up unused language packs.
[2018-11-02 21:11:28.125] [sharedprocess] [info] Scanned user extensions: 0
[2018-11-02 21:11:28.158] [sharedprocess] [info] Scanned user extensions: 0
[2018-11-02 21:11:28.172] [sharedprocess] [info] Scanned system extensions: 71
[2018-11-02 21:11:40.068] [sharedprocess] [info] Installing extension: es7-react-js-snippets
[2018-11-02 21:11:40.069] [sharedprocess] [info] Scanned user extensions: 0
[2018-11-02 21:11:40.589] [sharedprocess] [info] Downloaded extension: es7-react-js-snippets /tmp/22d586b2-7cc4-4a4c-b113-1a517b847feb
[2018-11-02 21:11:40.605] [sharedprocess] [info] Extracted extension to /home/dosha/.vscode-oss/extensions/.dsznajder.es7-react-js-snippets-1.8.7: dsznajder.es7-react-js-snippets-1.8.7
[2018-11-02 21:11:40.605] [sharedprocess] [info] Renamed to /home/dosha/.vscode-oss/extensions/dsznajder.es7-react-js-snippets-1.8.7
[2018-11-02 21:11:40.605] [sharedprocess] [info] Installation completed. dsznajder.es7-react-js-snippets-1.8.7
[2018-11-02 21:11:40.636] [sharedprocess] [info] Extensions installed successfully: dsznajder.es7-react-js-snippets
[2018-11-02 21:11:40.746] [sharedprocess] [info] Scanned user extensions: 1
[2018-11-02 21:11:40.777] [sharedprocess] [info] Scanned system extensions: 71
[2018-11-02 21:11:42.212] [sharedprocess] [info] Scanned user extensions: 1
[2018-11-02 21:11:42.215] [sharedprocess] [info] Scanned user extensions: 1
[2018-11-02 21:11:42.215] [sharedprocess] [info] Scanned user extensions: 1
[2018-11-02 21:11:42.231] [sharedprocess] [info] Scanned system extensions: 71
[2018-11-02 21:11:42.336] [sharedprocess] [info] Scanned user extensions: 1
[2018-11-02 21:11:42.337] [sharedprocess] [info] Scanned user extensions: 1
[2018-11-02 21:11:42.340] [sharedprocess] [info] Scanned user extensions: 1
[2018-11-02 21:11:42.382] [sharedprocess] [info] Scanned system extensions: 71
[2018-11-02 21:11:42.384] [sharedprocess] [info] Scanned system extensions: 71
[2018-11-02 21:11:42.385] [sharedprocess] [info] Scanned system extensions: 71
[2018-11-02 21:11:45.400] [sharedprocess] [info] Scanned user extensions: 1
[2018-11-02 21:11:53.356] [sharedprocess] [info] Installing extension: vscode-react-native
[2018-11-02 21:11:53.358] [sharedprocess] [info] Scanned user extensions: 1
[2018-11-02 21:11:57.112] [sharedprocess] [info] Downloaded extension: vscode-react-native /tmp/6040b78e-0e04-48ac-94a7-355bda0d81ba
[2018-11-02 21:11:57.707] [sharedprocess] [info] Extracted extension to /home/dosha/.vscode-oss/extensions/.vsmobile.vscode-react-native-0.6.18: vsmobile.vscode-react-native-0.6.18
[2018-11-02 21:11:57.707] [sharedprocess] [info] Renamed to /home/dosha/.vscode-oss/extensions/vsmobile.vscode-react-native-0.6.18
[2018-11-02 21:11:57.707] [sharedprocess] [info] Installation completed. vsmobile.vscode-react-native-0.6.18
[2018-11-02 21:11:57.758] [sharedprocess] [info] Scanned user extensions: 2
[2018-11-02 21:11:57.772] [sharedprocess] [info] Scanned system extensions: 71
[2018-11-02 21:11:57.772] [sharedprocess] [info] Extensions installed successfully: vsmobile.vscode-react-native
[2018-11-02 21:11:57.887] [sharedprocess] [info] Scanned user extensions: 2
[2018-11-02 21:11:57.902] [sharedprocess] [info] Scanned system extensions: 71
[2018-11-02 21:11:59.057] [sharedprocess] [info] Scanned user extensions: 2
[2018-11-02 21:11:59.059] [sharedprocess] [info] Scanned user extensions: 2
[2018-11-02 21:11:59.060] [sharedprocess] [info] Scanned user extensions: 2
[2018-11-02 21:11:59.073] [sharedprocess] [info] Scanned system extensions: 71
[2018-11-02 21:11:59.181] [sharedprocess] [info] Scanned user extensions: 2
[2018-11-02 21:11:59.182] [sharedprocess] [info] Scanned user extensions: 2
[2018-11-02 21:11:59.184] [sharedprocess] [info] Scanned user extensions: 2
[2018-11-02 21:11:59.212] [sharedprocess] [info] Scanned system extensions: 71
[2018-11-02 21:11:59.213] [sharedprocess] [info] Scanned system extensions: 71
[2018-11-02 21:11:59.215] [sharedprocess] [info] Scanned system extensions: 71
[2018-11-02 21:12:02.279] [sharedprocess] [info] Scanned user extensions: 2
[2018-11-02 21:12:29.772] [sharedprocess] [info] Installing extension: node-module-intellisense
[2018-11-02 21:12:29.773] [sharedprocess] [info] Scanned user extensions: 2
[2018-11-02 21:12:30.278] [sharedprocess] [info] Downloaded extension: node-module-intellisense /tmp/fd31628d-fb89-4ba1-b1a2-235f4b1b8c5e
[2018-11-02 21:12:30.292] [sharedprocess] [info] Extracted extension to /home/dosha/.vscode-oss/extensions/.leizongmin.node-module-intellisense-1.5.0: leizongmin.node-module-intellisense-1.5.0
[2018-11-02 21:12:30.292] [sharedprocess] [info] Renamed to /home/dosha/.vscode-oss/extensions/leizongmin.node-module-intellisense-1.5.0
[2018-11-02 21:12:30.292] [sharedprocess] [info] Installation completed. leizongmin.node-module-intellisense-1.5.0
[2018-11-02 21:12:30.335] [sharedprocess] [info] Extensions installed successfully: leizongmin.node-module-intellisense
[2018-11-02 21:12:30.444] [sharedprocess] [info] Scanned user extensions: 3
[2018-11-02 21:12:30.456] [sharedprocess] [info] Scanned system extensions: 71
[2018-11-02 21:12:32.707] [sharedprocess] [info] Scanned user extensions: 3
[2018-11-02 21:12:32.709] [sharedprocess] [info] Scanned user extensions: 3
[2018-11-02 21:12:32.709] [sharedprocess] [info] Scanned user extensions: 3
[2018-11-02 21:12:32.720] [sharedprocess] [info] Scanned system extensions: 71
[2018-11-02 21:12:32.862] [sharedprocess] [info] Scanned user extensions: 3
[2018-11-02 21:12:32.865] [sharedprocess] [info] Scanned user extensions: 3
[2018-11-02 21:12:32.867] [sharedprocess] [info] Scanned user extensions: 3
[2018-11-02 21:12:32.909] [sharedprocess] [info] Scanned system extensions: 71
[2018-11-02 21:12:32.911] [sharedprocess] [info] Scanned system extensions: 71
[2018-11-02 21:12:32.913] [sharedprocess] [info] Scanned system extensions: 71
[2018-11-02 21:12:35.955] [sharedprocess] [info] Scanned user extensions: 3
[2018-11-02 21:13:06.686] [sharedprocess] [info] Installing extension: vim
[2018-11-02 21:13:06.688] [sharedprocess] [info] Scanned user extensions: 3
[2018-11-02 21:13:09.554] [sharedprocess] [info] Downloaded extension: vim /tmp/39dfa76b-dcab-4a6d-90d4-1d752f7f267f
[2018-11-02 21:13:10.788] [sharedprocess] [info] Extracted extension to /home/dosha/.vscode-oss/extensions/.vscodevim.vim-0.16.12: vscodevim.vim-0.16.12
[2018-11-02 21:13:10.788] [sharedprocess] [info] Renamed to /home/dosha/.vscode-oss/extensions/vscodevim.vim-0.16.12
[2018-11-02 21:13:10.788] [sharedprocess] [info] Installation completed. vscodevim.vim-0.16.12
[2018-11-02 21:13:10.834] [sharedprocess] [info] Extensions installed successfully: vscodevim.vim
[2018-11-02 21:13:10.951] [sharedprocess] [info] Scanned user extensions: 4
[2018-11-02 21:13:10.967] [sharedprocess] [info] Scanned system extensions: 71
[2018-11-02 21:13:22.706] [sharedprocess] [info] Scanned user extensions: 4
[2018-11-02 21:13:22.707] [sharedprocess] [info] Scanned user extensions: 4
[2018-11-02 21:13:22.707] [sharedprocess] [info] Scanned user extensions: 4
[2018-11-02 21:13:22.726] [sharedprocess] [info] Scanned system extensions: 71
[2018-11-02 21:13:22.804] [sharedprocess] [info] Scanned user extensions: 4
[2018-11-02 21:13:22.806] [sharedprocess] [info] Scanned user extensions: 4
[2018-11-02 21:13:22.814] [sharedprocess] [info] Scanned user extensions: 4
[2018-11-02 21:13:22.845] [sharedprocess] [info] Scanned system extensions: 71
[2018-11-02 21:13:22.846] [sharedprocess] [info] Scanned system extensions: 71
[2018-11-02 21:13:22.848] [sharedprocess] [info] Scanned system extensions: 71
[2018-11-02 21:13:25.905] [sharedprocess] [info] Scanned user extensions: 4
[2018-11-02 21:18:25.934] [sharedprocess] [info] Scanned user extensions: 4
[2018-11-02 21:23:25.940] [sharedprocess] [info] Scanned user extensions: 4
[2018-11-02 21:28:25.949] [sharedprocess] [info] Scanned user extensions: 4
[2018-11-02 21:33:25.958] [sharedprocess] [info] Scanned user extensions: 4
[2018-11-02 21:38:25.968] [sharedprocess] [info] Scanned user extensions: 4
[2018-11-02 21:43:25.977] [sharedprocess] [info] Scanned user extensions: 4
[2018-11-02 21:48:25.987] [sharedprocess] [info] Scanned user extensions: 4
[2018-11-02 21:53:25.992] [sharedprocess] [info] Scanned user extensions: 4
[2018-11-02 21:58:25.997] [sharedprocess] [info] Scanned user extensions: 4
[2018-11-02 22:03:26.002] [sharedprocess] [info] Scanned user extensions: 4
[2018-11-02 22:08:26.012] [sharedprocess] [info] Scanned user extensions: 4
[2018-11-02 22:13:26.021] [sharedprocess] [info] Scanned user extensions: 4
[2018-11-02 22:18:26.028] [sharedprocess] [info] Scanned user extensions: 4
[2018-11-02 22:23:26.040] [sharedprocess] [info] Scanned user extensions: 4
[2018-11-02 22:28:26.045] [sharedprocess] [info] Scanned user extensions: 4
[2018-11-02 22:33:26.056] [sharedprocess] [info] Scanned user extensions: 4
[2018-11-02 22:38:26.065] [sharedprocess] [info] Scanned user extensions: 4
[2018-11-02 22:43:26.073] [sharedprocess] [info] Scanned user extensions: 4
[2018-11-02 22:48:26.082] [sharedprocess] [info] Scanned user extensions: 4
[2018-11-02 22:53:26.091] [sharedprocess] [info] Scanned user extensions: 4
[2018-11-02 22:58:26.101] [sharedprocess] [info] Scanned user extensions: 4
[2018-11-02 23:03:26.113] [sharedprocess] [info] Scanned user extensions: 4
[2018-11-02 23:08:26.118] [sharedprocess] [info] Scanned user extensions: 4
[2018-11-02 23:13:26.122] [sharedprocess] [info] Scanned user extensions: 4
[2018-11-02 23:18:26.126] [sharedprocess] [info] Scanned user extensions: 4
[2018-11-02 23:23:26.147] [sharedprocess] [info] Scanned user extensions: 4
[2018-11-02 23:28:26.151] [sharedprocess] [info] Scanned user extensions: 4
[2018-11-02 23:33:26.157] [sharedprocess] [info] Scanned user extensions: 4
[2018-11-02 23:38:26.162] [sharedprocess] [info] Scanned user extensions: 4
[2018-11-02 23:42:46.788] [sharedprocess] [info] Scanned user extensions: 4
[2018-11-02 23:42:46.792] [sharedprocess] [info] Scanned user extensions: 4
[2018-11-02 23:42:46.794] [sharedprocess] [info] Scanned user extensions: 4
[2018-11-02 23:42:46.839] [sharedprocess] [info] Scanned system extensions: 71
[2018-11-02 23:42:46.841] [sharedprocess] [info] Scanned system extensions: 71
[2018-11-02 23:42:49.393] [sharedprocess] [info] Scanned user extensions: 4
[2018-11-02 23:43:26.170] [sharedprocess] [info] Scanned user extensions: 4
[2018-11-02 23:47:49.407] [sharedprocess] [info] Scanned user extensions: 4
[2018-11-02 23:48:26.178] [sharedprocess] [info] Scanned user extensions: 4
[2018-11-02 23:52:49.411] [sharedprocess] [info] Scanned user extensions: 4
[2018-11-02 23:53:26.184] [sharedprocess] [info] Scanned user extensions: 4
[2018-11-02 23:57:49.419] [sharedprocess] [info] Scanned user extensions: 4
[2018-11-02 23:58:26.188] [sharedprocess] [info] Scanned user extensions: 4
[2018-11-03 00:02:49.424] [sharedprocess] [info] Scanned user extensions: 4
[2018-11-03 00:03:26.195] [sharedprocess] [info] Scanned user extensions: 4
[2018-11-03 00:07:49.432] [sharedprocess] [info] Scanned user extensions: 4
[2018-11-03 00:08:26.200] [sharedprocess] [info] Scanned user extensions: 4
[2018-11-03 00:11:24.909] [sharedprocess] [info] Scanned user extensions: 4
[2018-11-03 00:11:25.003] [sharedprocess] [info] Scanned user extensions: 4
[2018-11-03 00:11:25.005] [sharedprocess] [info] Scanned user extensions: 4
[2018-11-03 00:11:25.007] [sharedprocess] [info] Scanned user extensions: 4
[2018-11-03 00:11:25.043] [sharedprocess] [info] Scanned system extensions: 71
[2018-11-03 00:11:25.045] [sharedprocess] [info] Scanned system extensions: 71
[2018-11-03 00:11:25.046] [sharedprocess] [info] Scanned system extensions: 71
[2018-11-03 00:11:29.273] [sharedprocess] [info] Installing extension: i3
[2018-11-03 00:11:29.276] [sharedprocess] [info] Scanned user extensions: 4
[2018-11-03 00:11:30.789] [sharedprocess] [info] Downloaded extension: i3 /tmp/5f18ba26-9142-4a44-9eb0-c2b832bc6df4
[2018-11-03 00:11:30.798] [sharedprocess] [info] Extracted extension to /home/dosha/.vscode-oss/extensions/.dcasella.i3-0.0.1: dcasella.i3-0.0.1
[2018-11-03 00:11:30.798] [sharedprocess] [info] Renamed to /home/dosha/.vscode-oss/extensions/dcasella.i3-0.0.1
[2018-11-03 00:11:30.798] [sharedprocess] [info] Installation completed. dcasella.i3-0.0.1
[2018-11-03 00:11:30.832] [sharedprocess] [info] Extensions installed successfully: dcasella.i3
[2018-11-03 00:11:30.944] [sharedprocess] [info] Scanned user extensions: 5
[2018-11-03 00:11:30.947] [sharedprocess] [info] Scanned user extensions: 5
[2018-11-03 00:11:30.966] [sharedprocess] [info] Scanned system extensions: 71
[2018-11-03 00:11:30.968] [sharedprocess] [info] Scanned system extensions: 71
[2018-11-03 00:11:32.193] [sharedprocess] [info] Scanned user extensions: 5
[2018-11-03 00:11:32.194] [sharedprocess] [info] Scanned user extensions: 5
[2018-11-03 00:11:32.196] [sharedprocess] [info] Scanned user extensions: 5
[2018-11-03 00:11:32.206] [sharedprocess] [info] Scanned system extensions: 71
[2018-11-03 00:11:32.492] [sharedprocess] [info] Scanned user extensions: 5
[2018-11-03 00:11:32.494] [sharedprocess] [info] Scanned user extensions: 5
[2018-11-03 00:11:32.495] [sharedprocess] [info] Scanned user extensions: 5
[2018-11-03 00:11:32.559] [sharedprocess] [info] Scanned system extensions: 71
[2018-11-03 00:11:32.561] [sharedprocess] [info] Scanned system extensions: 71
[2018-11-03 00:11:32.562] [sharedprocess] [info] Scanned system extensions: 71
[2018-11-03 00:11:35.281] [sharedprocess] [info] Scanned user extensions: 5
[2018-11-03 00:13:26.208] [sharedprocess] [info] Scanned user extensions: 5
[2018-11-03 00:16:35.298] [sharedprocess] [info] Scanned user extensions: 5
[2018-11-03 00:18:26.213] [sharedprocess] [info] Scanned user extensions: 5
[2018-11-03 00:21:35.307] [sharedprocess] [info] Scanned user extensions: 5
[2018-11-03 00:23:26.219] [sharedprocess] [info] Scanned user extensions: 5
[2018-11-03 00:26:35.314] [sharedprocess] [info] Scanned user extensions: 5
[2018-11-03 00:28:26.224] [sharedprocess] [info] Scanned user extensions: 5
[2018-11-03 00:31:35.323] [sharedprocess] [info] Scanned user extensions: 5
[2018-11-03 00:33:26.231] [sharedprocess] [info] Scanned user extensions: 5
[2018-11-03 00:36:35.329] [sharedprocess] [info] Scanned user extensions: 5
[2018-11-03 00:38:26.236] [sharedprocess] [info] Scanned user extensions: 5
[2018-11-03 00:41:35.333] [sharedprocess] [info] Scanned user extensions: 5
[2018-11-03 00:43:26.241] [sharedprocess] [info] Scanned user extensions: 5
[2018-11-03 00:43:39.990] [sharedprocess] [info] Installing extension: vscode-icons
[2018-11-03 00:43:39.994] [sharedprocess] [info] Scanned user extensions: 5
[2018-11-03 00:43:42.101] [sharedprocess] [info] Downloaded extension: vscode-icons /tmp/f672795d-44d7-4b7d-9e04-d8f425874284
[2018-11-03 00:43:43.284] [sharedprocess] [info] Extracted extension to /home/dosha/.vscode-oss/extensions/.robertohuertasm.vscode-icons-7.28.0: robertohuertasm.vscode-icons-7.28.0
[2018-11-03 00:43:43.285] [sharedprocess] [info] Renamed to /home/dosha/.vscode-oss/extensions/robertohuertasm.vscode-icons-7.28.0
[2018-11-03 00:43:43.285] [sharedprocess] [info] Installation completed. robertohuertasm.vscode-icons-7.28.0
[2018-11-03 00:43:43.331] [sharedprocess] [info] Extensions installed successfully: robertohuertasm.vscode-icons
[2018-11-03 00:43:43.440] [sharedprocess] [info] Scanned user extensions: 6
[2018-11-03 00:43:43.446] [sharedprocess] [info] Scanned user extensions: 6
[2018-11-03 00:43:43.476] [sharedprocess] [info] Scanned system extensions: 71
[2018-11-03 00:43:43.478] [sharedprocess] [info] Scanned system extensions: 71
[2018-11-03 00:43:51.520] [sharedprocess] [info] Scanned user extensions: 6
[2018-11-03 00:43:51.523] [sharedprocess] [info] Scanned user extensions: 6
[2018-11-03 00:43:51.524] [sharedprocess] [info] Scanned user extensions: 6
[2018-11-03 00:43:51.531] [sharedprocess] [info] Scanned user extensions: 6
[2018-11-03 00:43:51.532] [sharedprocess] [info] Scanned user extensions: 6
[2018-11-03 00:43:51.539] [sharedprocess] [info] Scanned user extensions: 6
[2018-11-03 00:43:51.581] [sharedprocess] [info] Scanned system extensions: 71
[2018-11-03 00:43:51.582] [sharedprocess] [info] Scanned system extensions: 71
[2018-11-03 00:43:51.584] [sharedprocess] [info] Scanned system extensions: 71
[2018-11-03 00:43:51.586] [sharedprocess] [info] Scanned system extensions: 71
[2018-11-03 00:43:54.736] [sharedprocess] [info] Scanned user extensions: 6
[2018-11-03 00:46:35.340] [sharedprocess] [info] Scanned user extensions: 6
[2018-11-03 00:48:54.767] [sharedprocess] [info] Scanned user extensions: 6
[2018-11-03 00:51:35.354] [sharedprocess] [info] Scanned user extensions: 6
[2018-11-03 00:53:54.778] [sharedprocess] [info] Scanned user extensions: 6
[2018-11-03 00:56:35.363] [sharedprocess] [info] Scanned user extensions: 6
[2018-11-03 00:58:54.786] [sharedprocess] [info] Scanned user extensions: 6
[2018-11-03 01:01:35.368] [sharedprocess] [info] Scanned user extensions: 6
[2018-11-03 01:03:54.795] [sharedprocess] [info] Scanned user extensions: 6
[2018-11-03 01:06:35.372] [sharedprocess] [info] Scanned user extensions: 6
[2018-11-03 01:08:54.804] [sharedprocess] [info] Scanned user extensions: 6
[2018-11-03 01:11:35.376] [sharedprocess] [info] Scanned user extensions: 6
[2018-11-03 01:13:54.813] [sharedprocess] [info] Scanned user extensions: 6
[2018-11-03 01:16:35.385] [sharedprocess] [info] Scanned user extensions: 6
[2018-11-03 01:18:54.824] [sharedprocess] [info] Scanned user extensions: 6
[2018-11-03 01:21:35.393] [sharedprocess] [info] Scanned user extensions: 6
[2018-11-03 01:23:54.832] [sharedprocess] [info] Scanned user extensions: 6
[2018-11-03 01:26:35.403] [sharedprocess] [info] Scanned user extensions: 6
[2018-11-03 01:28:54.841] [sharedprocess] [info] Scanned user extensions: 6
[2018-11-03 01:31:35.412] [sharedprocess] [info] Scanned user extensions: 6
[2018-11-03 01:33:54.876] [sharedprocess] [info] Scanned user extensions: 6
[2018-11-03 01:36:35.420] [sharedprocess] [info] Scanned user extensions: 6
[2018-11-03 01:38:54.888] [sharedprocess] [info] Scanned user extensions: 6
[2018-11-03 01:41:35.431] [sharedprocess] [info] Scanned user extensions: 6
[2018-11-03 01:43:54.898] [sharedprocess] [info] Scanned user extensions: 6
[2018-11-03 01:46:35.445] [sharedprocess] [info] Scanned user extensions: 6
[2018-11-03 01:48:54.911] [sharedprocess] [info] Scanned user extensions: 6
[2018-11-03 01:51:35.457] [sharedprocess] [info] Scanned user extensions: 6
[2018-11-03 01:53:54.921] [sharedprocess] [info] Scanned user extensions: 6
[2018-11-03 01:56:35.468] [sharedprocess] [info] Scanned user extensions: 6
[2018-11-03 01:58:54.932] [sharedprocess] [info] Scanned user extensions: 6
[2018-11-03 02:01:35.479] [sharedprocess] [info] Scanned user extensions: 6
[2018-11-03 02:03:54.942] [sharedprocess] [info] Scanned user extensions: 6
[2018-11-03 02:06:35.489] [sharedprocess] [info] Scanned user extensions: 6
[2018-11-03 02:08:54.954] [sharedprocess] [info] Scanned user extensions: 6
[2018-11-03 02:11:35.501] [sharedprocess] [info] Scanned user extensions: 6
[2018-11-03 02:13:54.963] [sharedprocess] [info] Scanned user extensions: 6
[2018-11-03 02:16:35.512] [sharedprocess] [info] Scanned user extensions: 6
[2018-11-03 02:18:54.975] [sharedprocess] [info] Scanned user extensions: 6
[2018-11-03 02:21:35.526] [sharedprocess] [info] Scanned user extensions: 6
[2018-11-03 02:23:54.986] [sharedprocess] [info] Scanned user extensions: 6
[2018-11-03 02:26:35.536] [sharedprocess] [info] Scanned user extensions: 6
[2018-11-03 02:28:54.993] [sharedprocess] [info] Scanned user extensions: 6
[2018-11-03 02:31:35.547] [sharedprocess] [info] Scanned user extensions: 6
[2018-11-03 02:33:55.006] [sharedprocess] [info] Scanned user extensions: 6
[2018-11-03 02:36:35.558] [sharedprocess] [info] Scanned user extensions: 6
[2018-11-03 02:38:55.020] [sharedprocess] [info] Scanned user extensions: 6
[2018-11-03 02:41:35.568] [sharedprocess] [info] Scanned user extensions: 6
[2018-11-03 02:43:55.032] [sharedprocess] [info] Scanned user extensions: 6
[2018-11-03 02:46:35.576] [sharedprocess] [info] Scanned user extensions: 6
[2018-11-03 02:48:55.043] [sharedprocess] [info] Scanned user extensions: 6
[2018-11-03 02:51:35.582] [sharedprocess] [info] Scanned user extensions: 6
[2018-11-03 02:53:55.050] [sharedprocess] [info] Scanned user extensions: 6
[2018-11-03 02:56:35.587] [sharedprocess] [info] Scanned user extensions: 6
[2018-11-03 02:58:55.060] [sharedprocess] [info] Scanned user extensions: 6
[2018-11-03 03:01:35.596] [sharedprocess] [info] Scanned user extensions: 6
[2018-11-03 03:03:55.071] [sharedprocess] [info] Scanned user extensions: 6
[2018-11-03 03:06:35.600] [sharedprocess] [info] Scanned user extensions: 6
[2018-11-03 03:08:55.083] [sharedprocess] [info] Scanned user extensions: 6
[2018-11-03 03:11:35.605] [sharedprocess] [info] Scanned user extensions: 6
[2018-11-03 03:13:55.094] [sharedprocess] [info] Scanned user extensions: 6
[2018-11-03 03:16:35.611] [sharedprocess] [info] Scanned user extensions: 6
[2018-11-03 03:18:55.107] [sharedprocess] [info] Scanned user extensions: 6
[2018-11-03 03:21:35.618] [sharedprocess] [info] Scanned user extensions: 6
[2018-11-03 03:23:55.117] [sharedprocess] [info] Scanned user extensions: 6
[2018-11-03 03:26:35.625] [sharedprocess] [info] Scanned user extensions: 6
[2018-11-03 03:28:55.126] [sharedprocess] [info] Scanned user extensions: 6
[2018-11-03 03:31:35.634] [sharedprocess] [info] Scanned user extensions: 6
[2018-11-03 03:33:55.130] [sharedprocess] [info] Scanned user extensions: 6
[2018-11-03 03:36:35.645] [sharedprocess] [info] Scanned user extensions: 6
[2018-11-03 03:38:55.134] [sharedprocess] [info] Scanned user extensions: 6
[2018-11-03 03:41:35.654] [sharedprocess] [info] Scanned user extensions: 6
[2018-11-03 03:43:55.138] [sharedprocess] [info] Scanned user extensions: 6
[2018-11-03 03:46:35.665] [sharedprocess] [info] Scanned user extensions: 6
[2018-11-03 03:48:55.142] [sharedprocess] [info] Scanned user extensions: 6
[2018-11-03 03:51:35.671] [sharedprocess] [info] Scanned user extensions: 6
[2018-11-03 03:53:55.146] [sharedprocess] [info] Scanned user extensions: 6
[2018-11-03 03:56:35.680] [sharedprocess] [info] Scanned user extensions: 6
[2018-11-03 03:58:55.152] [sharedprocess] [info] Scanned user extensions: 6
[2018-11-03 04:01:35.687] [sharedprocess] [info] Scanned user extensions: 6
[2018-11-03 04:03:55.156] [sharedprocess] [info] Scanned user extensions: 6
[2018-11-03 04:06:35.693] [sharedprocess] [info] Scanned user extensions: 6
[2018-11-03 04:08:55.160] [sharedprocess] [info] Scanned user extensions: 6
[2018-11-03 04:11:35.701] [sharedprocess] [info] Scanned user extensions: 6
[2018-11-03 04:13:55.166] [sharedprocess] [info] Scanned user extensions: 6
[2018-11-03 04:16:35.707] [sharedprocess] [info] Scanned user extensions: 6
[2018-11-03 04:18:55.170] [sharedprocess] [info] Scanned user extensions: 6
[2018-11-03 04:21:35.714] [sharedprocess] [info] Scanned user extensions: 6
[2018-11-03 04:23:55.175] [sharedprocess] [info] Scanned user extensions: 6
[2018-11-03 04:26:35.719] [sharedprocess] [info] Scanned user extensions: 6
[2018-11-03 04:28:55.181] [sharedprocess] [info] Scanned user extensions: 6
[2018-11-03 04:31:35.727] [sharedprocess] [info] Scanned user extensions: 6
[2018-11-03 04:33:55.189] [sharedprocess] [info] Scanned user extensions: 6
[2018-11-03 04:36:35.734] [sharedprocess] [info] Scanned user extensions: 6
[2018-11-03 04:38:55.196] [sharedprocess] [info] Scanned user extensions: 6
[2018-11-03 04:41:35.744] [sharedprocess] [info] Scanned user extensions: 6
[2018-11-03 04:43:55.204] [sharedprocess] [info] Scanned user extensions: 6
[2018-11-03 04:46:35.752] [sharedprocess] [info] Scanned user extensions: 6
[2018-11-03 04:48:55.213] [sharedprocess] [info] Scanned user extensions: 6
[2018-11-03 04:51:35.757] [sharedprocess] [info] Scanned user extensions: 6
[2018-11-03 04:53:55.225] [sharedprocess] [info] Scanned user extensions: 6
[2018-11-03 04:56:35.764] [sharedprocess] [info] Scanned user extensions: 6
[2018-11-03 04:58:55.235] [sharedprocess] [info] Scanned user extensions: 6
[2018-11-03 05:01:35.773] [sharedprocess] [info] Scanned user extensions: 6
[2018-11-03 05:03:55.244] [sharedprocess] [info] Scanned user extensions: 6
[2018-11-03 05:06:35.779] [sharedprocess] [info] Scanned user extensions: 6
[2018-11-03 05:08:55.255] [sharedprocess] [info] Scanned user extensions: 6
[2018-11-03 05:11:35.788] [sharedprocess] [info] Scanned user extensions: 6
[2018-11-03 05:13:55.265] [sharedprocess] [info] Scanned user extensions: 6
[2018-11-03 05:16:35.795] [sharedprocess] [info] Scanned user extensions: 6
[2018-11-03 05:18:55.271] [sharedprocess] [info] Scanned user extensions: 6
[2018-11-03 05:21:35.805] [sharedprocess] [info] Scanned user extensions: 6
[2018-11-03 05:23:55.275] [sharedprocess] [info] Scanned user extensions: 6
[2018-11-03 05:26:35.815] [sharedprocess] [info] Scanned user extensions: 6
[2018-11-03 05:28:55.285] [sharedprocess] [info] Scanned user extensions: 6
[2018-11-03 05:31:35.821] [sharedprocess] [info] Scanned user extensions: 6
[2018-11-03 05:33:55.296] [sharedprocess] [info] Scanned user extensions: 6
[2018-11-03 05:36:35.830] [sharedprocess] [info] Scanned user extensions: 6
[2018-11-03 05:38:55.308] [sharedprocess] [info] Scanned user extensions: 6
[2018-11-03 05:41:35.835] [sharedprocess] [info] Scanned user extensions: 6
[2018-11-03 05:43:55.319] [sharedprocess] [info] Scanned user extensions: 6
[2018-11-03 05:46:35.843] [sharedprocess] [info] Scanned user extensions: 6
[2018-11-03 05:48:55.330] [sharedprocess] [info] Scanned user extensions: 6
[2018-11-03 05:51:35.849] [sharedprocess] [info] Scanned user extensions: 6
[2018-11-03 05:53:55.342] [sharedprocess] [info] Scanned user extensions: 6
[2018-11-03 05:56:35.855] [sharedprocess] [info] Scanned user extensions: 6
[2018-11-03 05:58:55.355] [sharedprocess] [info] Scanned user extensions: 6
[2018-11-03 06:01:35.864] [sharedprocess] [info] Scanned user extensions: 6
[2018-11-03 06:03:55.367] [sharedprocess] [info] Scanned user extensions: 6
[2018-11-03 06:06:35.872] [sharedprocess] [info] Scanned user extensions: 6
[2018-11-03 06:08:55.377] [sharedprocess] [info] Scanned user extensions: 6
[2018-11-03 06:11:35.883] [sharedprocess] [info] Scanned user extensions: 6
[2018-11-03 06:13:55.393] [sharedprocess] [info] Scanned user extensions: 6
[2018-11-03 06:16:35.897] [sharedprocess] [info] Scanned user extensions: 6
[2018-11-03 06:18:55.406] [sharedprocess] [info] Scanned user extensions: 6
[2018-11-03 06:21:35.908] [sharedprocess] [info] Scanned user extensions: 6
[2018-11-03 06:23:55.417] [sharedprocess] [info] Scanned user extensions: 6
[2018-11-03 06:26:35.920] [sharedprocess] [info] Scanned user extensions: 6
[2018-11-03 06:28:55.429] [sharedprocess] [info] Scanned user extensions: 6
[2018-11-03 06:31:35.930] [sharedprocess] [info] Scanned user extensions: 6
[2018-11-03 06:33:55.443] [sharedprocess] [info] Scanned user extensions: 6
[2018-11-03 06:36:35.940] [sharedprocess] [info] Scanned user extensions: 6
[2018-11-03 06:38:55.453] [sharedprocess] [info] Scanned user extensions: 6
[2018-11-03 06:41:35.950] [sharedprocess] [info] Scanned user extensions: 6
[2018-11-03 06:43:55.467] [sharedprocess] [info] Scanned user extensions: 6
[2018-11-03 06:46:35.962] [sharedprocess] [info] Scanned user extensions: 6
[2018-11-03 06:48:55.478] [sharedprocess] [info] Scanned user extensions: 6
[2018-11-03 06:51:35.975] [sharedprocess] [info] Scanned user extensions: 6
[2018-11-03 06:53:55.489] [sharedprocess] [info] Scanned user extensions: 6
[2018-11-03 06:56:35.985] [sharedprocess] [info] Scanned user extensions: 6
[2018-11-03 06:58:55.503] [sharedprocess] [info] Scanned user extensions: 6
[2018-11-03 07:01:36.001] [sharedprocess] [info] Scanned user extensions: 6
[2018-11-03 07:03:55.514] [sharedprocess] [info] Scanned user extensions: 6
[2018-11-03 07:06:36.013] [sharedprocess] [info] Scanned user extensions: 6
[2018-11-03 07:08:55.527] [sharedprocess] [info] Scanned user extensions: 6
[2018-11-03 07:11:36.023] [sharedprocess] [info] Scanned user extensions: 6
[2018-11-03 07:13:55.536] [sharedprocess] [info] Scanned user extensions: 6
[2018-11-03 07:16:36.036] [sharedprocess] [info] Scanned user extensions: 6
[2018-11-03 07:18:55.547] [sharedprocess] [info] Scanned user extensions: 6
[2018-11-03 07:21:36.046] [sharedprocess] [info] Scanned user extensions: 6
[2018-11-03 07:23:55.557] [sharedprocess] [info] Scanned user extensions: 6
[2018-11-03 07:26:36.055] [sharedprocess] [info] Scanned user extensions: 6
[2018-11-03 07:28:55.566] [sharedprocess] [info] Scanned user extensions: 6
[2018-11-03 07:31:36.069] [sharedprocess] [info] Scanned user extensions: 6
[2018-11-03 07:33:55.576] [sharedprocess] [info] Scanned user extensions: 6
[2018-11-03 07:36:36.082] [sharedprocess] [info] Scanned user extensions: 6
[2018-11-03 07:38:55.589] [sharedprocess] [info] Scanned user extensions: 6
[2018-11-03 07:41:36.094] [sharedprocess] [info] Scanned user extensions: 6
[2018-11-03 07:43:55.600] [sharedprocess] [info] Scanned user extensions: 6
[2018-11-03 07:46:36.105] [sharedprocess] [info] Scanned user extensions: 6
[2018-11-03 07:48:55.612] [sharedprocess] [info] Scanned user extensions: 6
[2018-11-03 07:51:36.116] [sharedprocess] [info] Scanned user extensions: 6
[2018-11-03 07:53:55.627] [sharedprocess] [info] Scanned user extensions: 6
[2018-11-03 07:56:36.124] [sharedprocess] [info] Scanned user extensions: 6
[2018-11-03 07:58:55.637] [sharedprocess] [info] Scanned user extensions: 6
[2018-11-03 08:01:36.129] [sharedprocess] [info] Scanned user extensions: 6
[2018-11-03 08:03:55.652] [sharedprocess] [info] Scanned user extensions: 6
[2018-11-03 08:06:36.134] [sharedprocess] [info] Scanned user extensions: 6
[2018-11-03 08:08:55.664] [sharedprocess] [info] Scanned user extensions: 6
[2018-11-03 08:11:36.139] [sharedprocess] [info] Scanned user extensions: 6
[2018-11-03 08:13:55.676] [sharedprocess] [info] Scanned user extensions: 6
[2018-11-03 08:16:36.144] [sharedprocess] [info] Scanned user extensions: 6
[2018-11-03 08:18:55.688] [sharedprocess] [info] Scanned user extensions: 6
[2018-11-03 08:21:36.150] [sharedprocess] [info] Scanned user extensions: 6
[2018-11-03 08:23:55.699] [sharedprocess] [info] Scanned user extensions: 6
[2018-11-03 08:26:36.157] [sharedprocess] [info] Scanned user extensions: 6
[2018-11-03 08:28:55.712] [sharedprocess] [info] Scanned user extensions: 6
[2018-11-03 08:31:36.165] [sharedprocess] [info] Scanned user extensions: 6
[2018-11-03 08:33:55.723] [sharedprocess] [info] Scanned user extensions: 6
[2018-11-03 08:36:36.175] [sharedprocess] [info] Scanned user extensions: 6
[2018-11-03 08:38:55.734] [sharedprocess] [info] Scanned user extensions: 6
[2018-11-03 08:41:36.186] [sharedprocess] [info] Scanned user extensions: 6
[2018-11-03 08:43:55.745] [sharedprocess] [info] Scanned user extensions: 6
[2018-11-03 08:46:36.194] [sharedprocess] [info] Scanned user extensions: 6
[2018-11-03 08:48:55.753] [sharedprocess] [info] Scanned user extensions: 6
[2018-11-03 08:51:36.207] [sharedprocess] [info] Scanned user extensions: 6
[2018-11-03 08:53:55.764] [sharedprocess] [info] Scanned user extensions: 6
[2018-11-03 08:56:36.217] [sharedprocess] [info] Scanned user extensions: 6
[2018-11-03 08:58:55.778] [sharedprocess] [info] Scanned user extensions: 6
[2018-11-03 09:01:36.229] [sharedprocess] [info] Scanned user extensions: 6
[2018-11-03 09:03:55.794] [sharedprocess] [info] Scanned user extensions: 6
[2018-11-03 09:06:36.242] [sharedprocess] [info] Scanned user extensions: 6
[2018-11-03 09:08:55.807] [sharedprocess] [info] Scanned user extensions: 6
[2018-11-03 09:11:36.252] [sharedprocess] [info] Scanned user extensions: 6
[2018-11-03 09:13:55.817] [sharedprocess] [info] Scanned user extensions: 6
[2018-11-03 09:16:36.262] [sharedprocess] [info] Scanned user extensions: 6
[2018-11-03 09:18:55.828] [sharedprocess] [info] Scanned user extensions: 6
[2018-11-03 09:21:36.273] [sharedprocess] [info] Scanned user extensions: 6
[2018-11-03 09:23:55.839] [sharedprocess] [info] Scanned user extensions: 6
[2018-11-03 09:26:36.282] [sharedprocess] [info] Scanned user extensions: 6
[2018-11-03 09:28:55.853] [sharedprocess] [info] Scanned user extensions: 6
[2018-11-03 09:31:36.293] [sharedprocess] [info] Scanned user extensions: 6
[2018-11-03 09:33:55.865] [sharedprocess] [info] Scanned user extensions: 6
[2018-11-03 09:36:36.304] [sharedprocess] [info] Scanned user extensions: 6
[2018-11-03 09:38:55.878] [sharedprocess] [info] Scanned user extensions: 6
[2018-11-03 09:41:36.316] [sharedprocess] [info] Scanned user extensions: 6
[2018-11-03 09:43:55.889] [sharedprocess] [info] Scanned user extensions: 6
[2018-11-03 09:46:36.328] [sharedprocess] [info] Scanned user extensions: 6
[2018-11-03 09:48:55.899] [sharedprocess] [info] Scanned user extensions: 6
[2018-11-03 09:51:36.339] [sharedprocess] [info] Scanned user extensions: 6
[2018-11-03 09:53:55.909] [sharedprocess] [info] Scanned user extensions: 6
[2018-11-03 09:56:36.350] [sharedprocess] [info] Scanned user extensions: 6
[2018-11-03 09:58:55.920] [sharedprocess] [info] Scanned user extensions: 6
[2018-11-03 10:01:36.365] [sharedprocess] [info] Scanned user extensions: 6
[2018-11-03 10:03:55.934] [sharedprocess] [info] Scanned user extensions: 6
[2018-11-03 10:06:36.377] [sharedprocess] [info] Scanned user extensions: 6
[2018-11-03 10:08:55.946] [sharedprocess] [info] Scanned user extensions: 6
[2018-11-03 10:11:36.390] [sharedprocess] [info] Scanned user extensions: 6
[2018-11-03 10:13:55.956] [sharedprocess] [info] Scanned user extensions: 6
[2018-11-03 10:16:36.401] [sharedprocess] [info] Scanned user extensions: 6
[2018-11-03 10:18:55.968] [sharedprocess] [info] Scanned user extensions: 6
[2018-11-03 10:21:36.412] [sharedprocess] [info] Scanned user extensions: 6
[2018-11-03 10:23:55.977] [sharedprocess] [info] Scanned user extensions: 6
[2018-11-03 10:26:36.422] [sharedprocess] [info] Scanned user extensions: 6
[2018-11-03 10:28:55.993] [sharedprocess] [info] Scanned user extensions: 6
[2018-11-03 10:31:36.432] [sharedprocess] [info] Scanned user extensions: 6
[2018-11-03 10:33:56.005] [sharedprocess] [info] Scanned user extensions: 6
[2018-11-03 10:36:36.443] [sharedprocess] [info] Scanned user extensions: 6
[2018-11-03 10:38:56.015] [sharedprocess] [info] Scanned user extensions: 6
[2018-11-03 10:41:36.459] [sharedprocess] [info] Scanned user extensions: 6
[2018-11-03 10:43:56.027] [sharedprocess] [info] Scanned user extensions: 6
[2018-11-03 10:46:36.470] [sharedprocess] [info] Scanned user extensions: 6
[2018-11-03 10:48:56.039] [sharedprocess] [info] Scanned user extensions: 6
[2018-11-03 10:51:36.482] [sharedprocess] [info] Scanned user extensions: 6
[2018-11-03 10:53:56.051] [sharedprocess] [info] Scanned user extensions: 6
[2018-11-03 10:56:36.495] [sharedprocess] [info] Scanned user extensions: 6
[2018-11-03 10:58:56.066] [sharedprocess] [info] Scanned user extensions: 6
[2018-11-03 11:01:36.506] [sharedprocess] [info] Scanned user extensions: 6
[2018-11-03 11:03:56.081] [sharedprocess] [info] Scanned user extensions: 6
[2018-11-03 11:06:36.512] [sharedprocess] [info] Scanned user extensions: 6
[2018-11-03 11:08:56.088] [sharedprocess] [info] Scanned user extensions: 6
[2018-11-03 11:11:36.523] [sharedprocess] [info] Scanned user extensions: 6
[2018-11-03 11:13:56.102] [sharedprocess] [info] Scanned user extensions: 6
[2018-11-03 11:16:36.533] [sharedprocess] [info] Scanned user extensions: 6
[2018-11-03 11:18:56.114] [sharedprocess] [info] Scanned user extensions: 6
[2018-11-03 11:21:36.544] [sharedprocess] [info] Scanned user extensions: 6
[2018-11-03 11:23:56.127] [sharedprocess] [info] Scanned user extensions: 6
[2018-11-03 11:26:36.555] [sharedprocess] [info] Scanned user extensions: 6
[2018-11-03 11:28:56.132] [sharedprocess] [info] Scanned user extensions: 6
[2018-11-03 11:31:36.564] [sharedprocess] [info] Scanned user extensions: 6
[2018-11-03 11:33:56.137] [sharedprocess] [info] Scanned user extensions: 6
[2018-11-03 11:36:36.573] [sharedprocess] [info] Scanned user extensions: 6
[2018-11-03 11:38:56.141] [sharedprocess] [info] Scanned user extensions: 6
[2018-11-03 11:41:36.583] [sharedprocess] [info] Scanned user extensions: 6
[2018-11-03 11:43:56.146] [sharedprocess] [info] Scanned user extensions: 6
[2018-11-03 11:46:36.597] [sharedprocess] [info] Scanned user extensions: 6
[2018-11-03 11:48:56.151] [sharedprocess] [info] Scanned user extensions: 6
[2018-11-03 11:51:36.612] [sharedprocess] [info] Scanned user extensions: 6
[2018-11-03 11:53:56.158] [sharedprocess] [info] Scanned user extensions: 6
[2018-11-03 11:56:36.624] [sharedprocess] [info] Scanned user extensions: 6
[2018-11-03 11:58:56.167] [sharedprocess] [info] Scanned user extensions: 6
[2018-11-03 12:01:36.635] [sharedprocess] [info] Scanned user extensions: 6
[2018-11-03 12:03:56.174] [sharedprocess] [info] Scanned user extensions: 6
[2018-11-03 12:06:36.646] [sharedprocess] [info] Scanned user extensions: 6
[2018-11-03 12:08:56.187] [sharedprocess] [info] Scanned user extensions: 6
[2018-11-03 12:11:34.670] [sharedprocess] [info] Installing extension: es7-react-js-snippets
[2018-11-03 12:11:34.680] [sharedprocess] [info] Scanned user extensions: 6
[2018-11-03 12:11:35.940] [sharedprocess] [info] Downloaded extension: es7-react-js-snippets /tmp/b8787ae3-4774-4f29-8afe-200339be90c4
[2018-11-03 12:11:35.953] [sharedprocess] [info] Extracted extension to /home/dosha/.vscode-oss/extensions/.dsznajder.es7-react-js-snippets-1.9.0: dsznajder.es7-react-js-snippets-1.9.0
[2018-11-03 12:11:35.953] [sharedprocess] [info] Renamed to /home/dosha/.vscode-oss/extensions/dsznajder.es7-react-js-snippets-1.9.0
[2018-11-03 12:11:35.953] [sharedprocess] [info] Installation completed. dsznajder.es7-react-js-snippets-1.9.0
[2018-11-03 12:11:35.996] [sharedprocess] [info] Extensions installed successfully: dsznajder.es7-react-js-snippets
[2018-11-03 12:11:36.110] [sharedprocess] [info] Scanned user extensions: 6
[2018-11-03 12:11:36.114] [sharedprocess] [info] Scanned user extensions: 6
[2018-11-03 12:11:36.156] [sharedprocess] [info] Scanned system extensions: 71
[2018-11-03 12:11:36.157] [sharedprocess] [info] Scanned system extensions: 71
[2018-11-03 12:11:36.659] [sharedprocess] [info] Scanned user extensions: 6
[2018-11-03 12:13:56.195] [sharedprocess] [info] Scanned user extensions: 6
[2018-11-03 12:16:36.671] [sharedprocess] [info] Scanned user extensions: 6
[2018-11-03 12:18:56.204] [sharedprocess] [info] Scanned user extensions: 6
[2018-11-03 12:21:36.684] [sharedprocess] [info] Scanned user extensions: 6
[2018-11-03 12:23:56.217] [sharedprocess] [info] Scanned user extensions: 6
[2018-11-03 12:26:36.694] [sharedprocess] [info] Scanned user extensions: 6
[2018-11-03 12:28:56.228] [sharedprocess] [info] Scanned user extensions: 6
[2018-11-03 12:31:36.706] [sharedprocess] [info] Scanned user extensions: 6
[2018-11-03 12:33:56.237] [sharedprocess] [info] Scanned user extensions: 6
[2018-11-03 12:36:36.717] [sharedprocess] [info] Scanned user extensions: 6
[2018-11-03 12:38:56.249] [sharedprocess] [info] Scanned user extensions: 6
[2018-11-03 12:41:36.723] [sharedprocess] [info] Scanned user extensions: 6
[2018-11-03 12:43:56.255] [sharedprocess] [info] Scanned user extensions: 6
[2018-11-03 12:46:36.733] [sharedprocess] [info] Scanned user extensions: 6
[2018-11-03 12:48:56.262] [sharedprocess] [info] Scanned user extensions: 6
[2018-11-03 12:51:36.739] [sharedprocess] [info] Scanned user extensions: 6
[2018-11-03 12:53:56.270] [sharedprocess] [info] Scanned user extensions: 6
[2018-11-03 12:56:36.745] [sharedprocess] [info] Scanned user extensions: 6
[2018-11-03 12:58:56.275] [sharedprocess] [info] Scanned user extensions: 6
[2018-11-03 13:01:36.751] [sharedprocess] [info] Scanned user extensions: 6
[2018-11-03 13:03:56.285] [sharedprocess] [info] Scanned user extensions: 6
[2018-11-03 13:06:36.757] [sharedprocess] [info] Scanned user extensions: 6
[2018-11-03 13:08:56.292] [sharedprocess] [info] Scanned user extensions: 6
[2018-11-03 13:11:36.766] [sharedprocess] [info] Scanned user extensions: 6
[2018-11-03 13:13:56.299] [sharedprocess] [info] Scanned user extensions: 6
[2018-11-03 13:16:36.774] [sharedprocess] [info] Scanned user extensions: 6
[2018-11-03 13:18:56.314] [sharedprocess] [info] Scanned user extensions: 6
[2018-11-03 13:21:36.785] [sharedprocess] [info] Scanned user extensions: 6
[2018-11-03 13:23:56.323] [sharedprocess] [info] Scanned user extensions: 6
[2018-11-03 13:26:36.790] [sharedprocess] [info] Scanned user extensions: 6
[2018-11-03 13:28:56.332] [sharedprocess] [info] Scanned user extensions: 6
[2018-11-03 13:31:36.800] [sharedprocess] [info] Scanned user extensions: 6
[2018-11-03 13:33:56.346] [sharedprocess] [info] Scanned user extensions: 6
[2018-11-03 13:36:36.806] [sharedprocess] [info] Scanned user extensions: 6
[2018-11-03 13:38:56.356] [sharedprocess] [info] Scanned user extensions: 6
[2018-11-03 13:41:36.825] [sharedprocess] [info] Scanned user extensions: 6
[2018-11-03 13:43:56.368] [sharedprocess] [info] Scanned user extensions: 6
[2018-11-03 13:46:25.972] [sharedprocess] [info] Scanned user extensions: 6
[2018-11-03 13:46:25.976] [sharedprocess] [info] Scanned user extensions: 6
[2018-11-03 13:46:25.980] [sharedprocess] [info] Scanned user extensions: 6
[2018-11-03 13:46:26.036] [sharedprocess] [info] Scanned system extensions: 71
[2018-11-03 13:46:26.038] [sharedprocess] [info] Scanned system extensions: 71
[2018-11-03 13:46:28.621] [sharedprocess] [info] Scanned user extensions: 6
[2018-11-03 13:46:36.831] [sharedprocess] [info] Scanned user extensions: 6
[2018-11-03 13:46:37.056] [sharedprocess] [info] Scanned user extensions: 6
[2018-11-03 13:46:37.062] [sharedprocess] [info] Scanned user extensions: 6
[2018-11-03 13:46:37.065] [sharedprocess] [info] Scanned user extensions: 6
[2018-11-03 13:46:37.108] [sharedprocess] [info] Scanned system extensions: 71
[2018-11-03 13:46:37.111] [sharedprocess] [info] Scanned system extensions: 71
[2018-11-03 13:46:39.609] [sharedprocess] [info] Scanned user extensions: 6
[2018-11-03 13:47:52.637] [sharedprocess] [info] Scanned user extensions: 6
[2018-11-03 13:47:52.704] [sharedprocess] [info] Scanned user extensions: 6
[2018-11-03 13:47:52.708] [sharedprocess] [info] Scanned user extensions: 6
[2018-11-03 13:47:52.710] [sharedprocess] [info] Scanned user extensions: 6
[2018-11-03 13:47:52.748] [sharedprocess] [info] Scanned system extensions: 71
[2018-11-03 13:47:52.750] [sharedprocess] [info] Scanned system extensions: 71
[2018-11-03 13:47:52.752] [sharedprocess] [info] Scanned system extensions: 71
[2018-11-03 13:47:58.366] [sharedprocess] [info] Scanned user extensions: 6
[2018-11-03 13:47:58.371] [sharedprocess] [info] Scanned user extensions: 6
[2018-11-03 13:47:58.373] [sharedprocess] [info] Scanned user extensions: 6
[2018-11-03 13:47:58.407] [sharedprocess] [info] Scanned system extensions: 71
[2018-11-03 13:47:58.410] [sharedprocess] [info] Scanned system extensions: 71
[2018-11-03 13:47:58.411] [sharedprocess] [info] Scanned system extensions: 71
[2018-11-03 13:48:56.373] [sharedprocess] [info] Scanned user extensions: 6
[2018-11-03 13:51:36.837] [sharedprocess] [info] Scanned user extensions: 6
[2018-11-03 13:51:39.627] [sharedprocess] [info] Scanned user extensions: 6
[2018-11-03 13:52:14.156] [sharedprocess] [info] Scanned user extensions: 6
[2018-11-03 13:52:14.157] [sharedprocess] [info] Scanned user extensions: 6
[2018-11-03 13:52:14.161] [sharedprocess] [info] Scanned user extensions: 6
[2018-11-03 13:52:14.205] [sharedprocess] [info] Scanned system extensions: 71
[2018-11-03 13:52:14.207] [sharedprocess] [info] Scanned system extensions: 71
[2018-11-03 13:52:16.712] [sharedprocess] [info] Scanned user extensions: 6
[2018-11-03 13:53:56.378] [sharedprocess] [info] Scanned user extensions: 6
[2018-11-03 13:56:36.843] [sharedprocess] [info] Scanned user extensions: 6
[2018-11-03 13:57:16.728] [sharedprocess] [info] Scanned user extensions: 6
[2018-11-03 13:58:56.383] [sharedprocess] [info] Scanned user extensions: 6
[2018-11-03 14:00:09.181] [sharedprocess] [info] Scanned user extensions: 6
[2018-11-03 14:00:09.187] [sharedprocess] [info] Scanned user extensions: 6
[2018-11-03 14:00:09.190] [sharedprocess] [info] Scanned user extensions: 6
[2018-11-03 14:00:09.219] [sharedprocess] [info] Scanned system extensions: 71
[2018-11-03 14:00:09.220] [sharedprocess] [info] Scanned system extensions: 71
[2018-11-03 14:00:11.720] [sharedprocess] [info] Scanned user extensions: 6
[2018-11-03 14:01:36.851] [sharedprocess] [info] Scanned user extensions: 6
