[Info  - 12:43:53 AM] Using tsserver from: /usr/lib/code/extensions/node_modules/typescript/lib
[Info  - 12:43:53 AM] Forking TSServer
PATH: /usr/local/bin:/usr/local/sbin:/usr/bin:/usr/lib/jvm/default/bin:/usr/bin/site_perl:/usr/bin/vendor_perl:/usr/bin/core_perl:/home/isaac/bin 
[Info  - 12:43:53 AM] Started TSServer
[Error  - 12:44:54 AM] 'getCodeFixes' request failed with error.
Error processing request. Cannot read property 'parent' of undefined
TypeError: Cannot read property 'parent' of undefined
    at Object.deleteDeclaration (/usr/lib/code/extensions/node_modules/typescript/lib/tsserver.js:103727:56)
    at _loop_10 (/usr/lib/code/extensions/node_modules/typescript/lib/tsserver.js:103373:43)
    at ChangeTracker.finishDeleteDeclarations (/usr/lib/code/extensions/node_modules/typescript/lib/tsserver.js:103379:21)
    at ChangeTracker.getChanges (/usr/lib/code/extensions/node_modules/typescript/lib/tsserver.js:103399:22)
    at Function.ChangeTracker.with (/usr/lib/code/extensions/node_modules/typescript/lib/tsserver.js:102977:32)
    at Object.getCodeActions (/usr/lib/code/extensions/node_modules/typescript/lib/tsserver.js:106020:68)
    at /usr/lib/code/extensions/node_modules/typescript/lib/tsserver.js:103931:121
    at Object.flatMap (/usr/lib/code/extensions/node_modules/typescript/lib/tsserver.js:498:25)
    at Object.getFixes (/usr/lib/code/extensions/node_modules/typescript/lib/tsserver.js:103931:23)
    at /usr/lib/code/extensions/node_modules/typescript/lib/tsserver.js:111782:35
    at Object.flatMap (/usr/lib/code/extensions/node_modules/typescript/lib/tsserver.js:498:25)
    at Object.getCodeFixesAtPosition (/usr/lib/code/extensions/node_modules/typescript/lib/tsserver.js:111780:23)
    at IOSession.Session.getCodeFixes (/usr/lib/code/extensions/node_modules/typescript/lib/tsserver.js:119374:64)
    at Session.handlers.ts.createMapFromTemplate._a.(anonymous function) (/usr/lib/code/extensions/node_modules/typescript/lib/tsserver.js:118248:61)
    at /usr/lib/code/extensions/node_modules/typescript/lib/tsserver.js:119531:88
    at IOSession.Session.executeWithRequestId (/usr/lib/code/extensions/node_modules/typescript/lib/tsserver.js:119522:28)
    at IOSession.Session.executeCommand (/usr/lib/code/extensions/node_modules/typescript/lib/tsserver.js:119531:33)
    at IOSession.Session.onMessage (/usr/lib/code/extensions/node_modules/typescript/lib/tsserver.js:119551:35)
    at Interface.<anonymous> (/usr/lib/code/extensions/node_modules/typescript/lib/tsserver.js:120805:27)
    at emitOne (events.js:116:13)
    at Interface.emit (events.js:211:7)
    at Interface._onLine (readline.js:282:10)
    at Interface._normalWrite (readline.js:424:12)
    at Socket.ondata (readline.js:141:10)
    at emitOne (events.js:116:13)
    at Socket.emit (events.js:211:7)
    at addChunk (_stream_readable.js:263:12)
    at readableAddChunk (_stream_readable.js:250:11)
    at Socket.Readable.push (_stream_readable.js:208:10)
    at Pipe.onread (net.js:594:20)
